<?xml version="1.0" encoding="UTF-8"?>
<!-- Generated by org.testng.reporters.JUnitXMLReporter -->
<testsuite ignored="2" hostname="IN-3BC9BK3" failures="0" tests="3" name="Test" time="10.229" errors="0" timestamp="2024-01-23T12:55:34 IST">
  <testcase classname="TestPackage.LoginClass" name="LoginPOM" time="2.073"/>
  <testcase classname="TestPackage.SearchClass" name="SearchPOM" time="5.433"/>
  <testcase classname="TestPackage.Recharge" name="recharge" time="2.666"/>
  <testcase classname="TestPackage.StartingClass" name="@BeforeSuite InitializeDriver" time="0.0">
    <ignored/>
  </testcase> <!-- @BeforeSuite InitializeDriver -->
  <testcase classname="TestPackage.StartingClass" name="@BeforeSuite InitializeDriver" time="0.0">
    <ignored/>
  </testcase> <!-- @BeforeSuite InitializeDriver -->
</testsuite> <!-- Test -->
