<?xml version="1.0" encoding="UTF-8"?>
<!-- Generated by org.testng.reporters.JUnitXMLReporter -->
<testsuite ignored="6" hostname="IN-FZSZ9K3" failures="0" tests="4" name="Test" time="16.116" errors="0" timestamp="2024-01-09T18:15:56 IST">
  <testcase classname="TestPackage.LoginClass" name="LoginPOM" time="2.658"/>
  <testcase classname="TestPackage.SearchClass" name="SearchPOM" time="5.617"/>
  <testcase classname="TestPackage.OrderClass" name="order" time="4.738"/>
  <testcase classname="TestPackage.CartClass" name="Cart" time="3.073"/>
  <testcase classname="TestPackage.StartingClass" name="@BeforeSuite InitializeDriver" time="0.0">
    <ignored/>
  </testcase> <!-- @BeforeSuite InitializeDriver -->
  <testcase classname="TestPackage.StartingClass" name="@BeforeSuite InitializeDriver" time="0.0">
    <ignored/>
  </testcase> <!-- @BeforeSuite InitializeDriver -->
  <testcase classname="TestPackage.StartingClass" name="@BeforeSuite InitializeDriver" time="0.0">
    <ignored/>
  </testcase> <!-- @BeforeSuite InitializeDriver -->
  <testcase classname="TestPackage.StartingClass" name="@AfterSuite QuitDriver" time="0.0">
    <ignored/>
  </testcase> <!-- @AfterSuite QuitDriver -->
  <testcase classname="TestPackage.StartingClass" name="@AfterSuite QuitDriver" time="0.0">
    <ignored/>
  </testcase> <!-- @AfterSuite QuitDriver -->
  <testcase classname="TestPackage.StartingClass" name="@AfterSuite QuitDriver" time="0.0">
    <ignored/>
  </testcase> <!-- @AfterSuite QuitDriver -->
</testsuite> <!-- Test -->
